<?xml version="1.0" encoding="UTF-8"?>
<testsuite xmlns:xsi="http://www.w3.org/2001/XMLSchema-instance" xsi:noNamespaceSchemaLocation="https://maven.apache.org/surefire/maven-surefire-plugin/xsd/surefire-test-report-3.0.xsd" version="3.0" name="dev.tuzserik.light.digital.test.task.ApplicationTests" time="7.479" tests="1" errors="0" skipped="0" failures="0">
  <properties>
[...]
</properties>
  <testcase name="contextLoads" classname="dev.tuzserik.light.digital.test.task.ApplicationTests" time="1.058">
    <system-out><![CDATA[14:11:29.539 [main] INFO org.springframework.test.context.support.AnnotationConfigContextLoaderUtils -- Could not detect default configuration classes for test class [dev.tuzserik.light.digital.test.task.ApplicationTests]: ApplicationTests does not declare any static, non-private, non-final, nested classes annotated with @Configuration.
14:11:29.757 [main] INFO org.springframework.boot.test.context.SpringBootTestContextBootstrapper -- Found @SpringBootConfiguration dev.tuzserik.light.digital.test.task.Application for test class dev.tuzserik.light.digital.test.task.ApplicationTests

  .   ____          _            __ _ _
 /\\ / ___'_ __ _ _(_)_ __  __ _ \ \ \ \
( ( )\___ | '_ | '_| | '_ \/ _` | \ \ \ \
 \\/  ___)| |_)| | | | | || (_| |  ) ) ) )
  '  |____| .__|_| |_|_| |_\__, | / / / /
 =========|_|==============|___/=/_/_/_/
 :: Spring Boot ::                (v3.1.0)

2023-06-22T14:11:30.641+03:00  INFO 6292 --- [           main] d.t.l.d.test.task.ApplicationTests       : Starting ApplicationTests using Java 20.0.1 with PID 6292 (started by joker in C:\Users\joker\Documents\Projects\JetBrains-Projects\IDEA-Projects\light-digital-test-task)
2023-06-22T14:11:30.644+03:00  INFO 6292 --- [           main] d.t.l.d.test.task.ApplicationTests       : No active profile set, falling back to 1 default profile: "default"
2023-06-22T14:11:31.760+03:00  INFO 6292 --- [           main] .s.d.r.c.RepositoryConfigurationDelegate : Bootstrapping Spring Data JPA repositories in DEFAULT mode.
2023-06-22T14:11:31.808+03:00  INFO 6292 --- [           main] .s.d.r.c.RepositoryConfigurationDelegate : Finished Spring Data repository scanning in 31 ms. Found 0 JPA repository interfaces.
2023-06-22T14:11:32.649+03:00  INFO 6292 --- [           main] com.zaxxer.hikari.HikariDataSource       : HikariPool-1 - Starting...
2023-06-22T14:11:32.961+03:00  INFO 6292 --- [           main] com.zaxxer.hikari.pool.HikariPool        : HikariPool-1 - Added connection conn0: url=jdbc:h2:mem:40e9dc8f-2841-4891-9f16-3e98c6539e4a user=SA
2023-06-22T14:11:32.963+03:00  INFO 6292 --- [           main] com.zaxxer.hikari.HikariDataSource       : HikariPool-1 - Start completed.
2023-06-22T14:11:33.053+03:00  INFO 6292 --- [           main] o.hibernate.jpa.internal.util.LogHelper  : HHH000204: Processing PersistenceUnitInfo [name: default]
2023-06-22T14:11:33.219+03:00  INFO 6292 --- [           main] org.hibernate.Version                    : HHH000412: Hibernate ORM core version 6.2.2.Final
2023-06-22T14:11:33.224+03:00  INFO 6292 --- [           main] org.hibernate.cfg.Environment            : HHH000406: Using bytecode reflection optimizer
2023-06-22T14:11:33.474+03:00  INFO 6292 --- [           main] o.h.b.i.BytecodeProviderInitiator        : HHH000021: Bytecode provider name : bytebuddy
2023-06-22T14:11:33.747+03:00  INFO 6292 --- [           main] o.s.o.j.p.SpringPersistenceUnitInfo      : No LoadTimeWeaver setup: ignoring JPA class transformer
2023-06-22T14:11:33.864+03:00  INFO 6292 --- [           main] org.hibernate.orm.dialect                : HHH035001: Using dialect: org.hibernate.dialect.H2Dialect, version: 2.1.214
2023-06-22T14:11:34.005+03:00  INFO 6292 --- [           main] o.h.b.i.BytecodeProviderInitiator        : HHH000021: Bytecode provider name : bytebuddy
2023-06-22T14:11:34.324+03:00  INFO 6292 --- [           main] o.h.e.t.j.p.i.JtaPlatformInitiator       : HHH000490: Using JtaPlatform implementation: [org.hibernate.engine.transaction.jta.platform.internal.NoJtaPlatform]
2023-06-22T14:11:34.332+03:00  INFO 6292 --- [           main] j.LocalContainerEntityManagerFactoryBean : Initialized JPA EntityManagerFactory for persistence unit 'default'
2023-06-22T14:11:34.588+03:00  WARN 6292 --- [           main] JpaBaseConfiguration$JpaWebConfiguration : spring.jpa.open-in-view is enabled by default. Therefore, database queries may be performed during view rendering. Explicitly configure spring.jpa.open-in-view to disable this warning
2023-06-22T14:11:35.231+03:00  WARN 6292 --- [           main] .s.s.UserDetailsServiceAutoConfiguration : 

Using generated security password: 3762dc3c-c2fd-44ce-928d-dd80d1ca360a

This generated password is for development use only. Your security configuration must be updated before running your application in production.

2023-06-22T14:11:35.498+03:00  INFO 6292 --- [           main] o.s.s.web.DefaultSecurityFilterChain     : Will secure any request with [org.springframework.security.web.session.DisableEncodeUrlFilter@749ee0e3, org.springframework.security.web.context.request.async.WebAsyncManagerIntegrationFilter@7891cf3, org.springframework.security.web.context.SecurityContextHolderFilter@9cb927e, org.springframework.security.web.header.HeaderWriterFilter@663cf5d7, org.springframework.security.web.csrf.CsrfFilter@1ed52f44, org.springframework.security.web.authentication.logout.LogoutFilter@305289b3, org.springframework.security.web.authentication.UsernamePasswordAuthenticationFilter@55b45ea1, org.springframework.security.web.authentication.ui.DefaultLoginPageGeneratingFilter@683ed81b, org.springframework.security.web.authentication.ui.DefaultLogoutPageGeneratingFilter@6bfbab1c, org.springframework.security.web.authentication.www.BasicAuthenticationFilter@5614ae05, org.springframework.security.web.savedrequest.RequestCacheAwareFilter@1325f967, org.springframework.security.web.servletapi.SecurityContextHolderAwareRequestFilter@6c9e74f3, org.springframework.security.web.authentication.AnonymousAuthenticationFilter@349aeec4, org.springframework.security.web.access.ExceptionTranslationFilter@666b91db, org.springframework.security.web.access.intercept.AuthorizationFilter@4ec616d6]
2023-06-22T14:11:35.588+03:00  INFO 6292 --- [           main] d.t.l.d.test.task.ApplicationTests       : Started ApplicationTests in 5.517 seconds (process running for 7.505)
]]></system-out>
  </testcase>
</testsuite>